<?xml version="1.0" encoding="UTF-8"?>
<testng-results ignored="0" total="1" passed="1" failed="0" skipped="0">
  <reporter-output>
  </reporter-output>
  <suite started-at="2022-10-07T11:56:19 IST" name="Default suite" finished-at="2022-10-07T11:56:25 IST" duration-ms="5427">
    <groups>
    </groups>
    <test started-at="2022-10-07T11:56:19 IST" name="Default test" finished-at="2022-10-07T11:56:25 IST" duration-ms="5427">
      <class name="testVagrant.Validate4ForeignPlayerAndaWicketKeeper">
        <test-method signature="testGet()[pri:0, instance:testVagrant.Validate4ForeignPlayerAndaWicketKeeper@757acd7b]" started-at="2022-10-07T11:56:19 IST" name="testGet" finished-at="2022-10-07T11:56:25 IST" duration-ms="5349" status="PASS">
          <reporter-output>
          </reporter-output>
        </test-method> <!-- testGet -->
      </class> <!-- testVagrant.Validate4ForeignPlayerAndaWicketKeeper -->
    </test> <!-- Default test -->
  </suite> <!-- Default suite -->
</testng-results>
